<?xml version="1.0" encoding="UTF-8"?>
<!-- Generated by org.testng.reporters.JUnitXMLReporter -->
<testsuite ignored="0" hostname="Jaivs-MacBook-Pro.local" failures="1" tests="9" name="Scotianal ALL TESTS" time="60.765" errors="0" timestamp="2022-08-28T15:05:29 EDT">
  <testcase classname="com.lms.qa.tests.LoginPageTest" name="LoginPageTitleTest" time="0.02"/>
  <testcase classname="com.lms.qa.tests.LoginPageTest" name="LoginEmailWithSpecialChar" time="0.706"/>
  <testcase classname="com.lms.qa.tests.LoginPageTest" name="LoginWithEmptyEmail" time="0.592"/>
  <testcase classname="com.lms.qa.tests.LoginPageTest" name="LoginWithEmptyPassword" time="0.647"/>
  <testcase classname="com.lms.qa.tests.LoginPageTest" name="clickOnScotiaLogo" time="0.294"/>
  <testcase classname="com.lms.qa.tests.HomePageTest" name="verifyHomePageTitleTest" time="0.005"/>
  <testcase classname="com.lms.qa.tests.HomePageTest" name="clickOnSmallBusinessLink" time="3.114"/>
  <testcase classname="com.lms.qa.tests.BusinessPageTest" name="verifyBusinessPageTitleTest" time="0.007">
    <failure type="java.lang.AssertionError" message="Business Title Doesn&amp;apos;t match. expected [Small Business Banking Services | Scotiabank ] but found [Small Business Banking Services | Scotiabank Canada]">
      <![CDATA[java.lang.AssertionError: Business Title Doesn't match. expected [Small Business Banking Services | Scotiabank ] but found [Small Business Banking Services | Scotiabank Canada]
at com.lms.qa.tests.BusinessPageTest.verifyBusinessPageTitleTest(BusinessPageTest.java:36)
at java.base/java.util.ArrayList.forEach(ArrayList.java:1511)
... Removed 32 stack frames]]>
    </failure>
  </testcase> <!-- verifyBusinessPageTitleTest -->
  <testcase classname="com.lms.qa.tests.BusinessPageTest" name="validateSizeOfList" time="0.016"/>
</testsuite> <!-- Scotianal ALL TESTS -->
