<?xml version="1.0" encoding="UTF-8"?>
<!-- Generated by org.testng.reporters.JUnitXMLReporter -->
<testsuite ignored="0" hostname="Jaivs-MacBook-Pro.local" failures="1" tests="9" name="Surefire test" time="49.895" errors="0" timestamp="2022-08-28T13:37:58 EDT">
  <testcase classname="com.lms.qa.tests.BusinessPageTest" name="@BeforeMethod setUp" time="5.806">
    <failure type="java.nio.BufferOverflowException">
      <![CDATA[java.nio.BufferOverflowException
at java.base/java.nio.Buffer.nextPutIndex(Buffer.java:722)
at java.base/java.nio.HeapByteBuffer.put(HeapByteBuffer.java:209)
at com.lms.qa.pages.LoginPage.homePage(LoginPage.java:91)
at com.lms.qa.tests.BusinessPageTest.setUp(BusinessPageTest.java:28)
at java.base/java.util.ArrayList.forEach(ArrayList.java:1511)
... Removed 44 stack frames]]>
    </failure>
  </testcase> <!-- @BeforeMethod setUp -->
  <testcase classname="com.lms.qa.tests.BusinessPageTest" name="@AfterMethod tearDown" time="0.0">
    <skipped/>
  </testcase> <!-- @AfterMethod tearDown -->
  <testcase classname="com.lms.qa.tests.BusinessPageTest" name="@BeforeMethod setUp" time="0.0">
    <skipped/>
  </testcase> <!-- @BeforeMethod setUp -->
  <testcase classname="com.lms.qa.tests.BusinessPageTest" name="@AfterMethod tearDown" time="0.0">
    <skipped/>
  </testcase> <!-- @AfterMethod tearDown -->
  <testcase classname="com.lms.qa.tests.BusinessPageTest" name="verifyBusinessPageTitleTest" time="0.0">
    <skipped/>
  </testcase> <!-- verifyBusinessPageTitleTest -->
  <testcase classname="com.lms.qa.tests.BusinessPageTest" name="validateSizeOfList" time="0.0">
    <skipped/>
  </testcase> <!-- validateSizeOfList -->
  <testcase classname="com.lms.qa.tests.HomePageTest" name="verifyHomePageTitleTest" time="0.006">
    <failure type="java.lang.AssertionError" message="HomePage Title Doesn&amp;apos;t match. expected [Personal Banking | Scotiabank Canada] but found []">
      <![CDATA[java.lang.AssertionError: HomePage Title Doesn't match. expected [Personal Banking | Scotiabank Canada] but found []
at com.lms.qa.tests.HomePageTest.verifyHomePageTitleTest(HomePageTest.java:34)
at java.base/java.util.ArrayList.forEach(ArrayList.java:1511)
... Removed 35 stack frames]]>
    </failure>
  </testcase> <!-- verifyHomePageTitleTest -->
  <testcase classname="com.lms.qa.tests.HomePageTest" name="clickOnSmallBusinessLink" time="4.1"/>
  <testcase classname="com.lms.qa.tests.LoginPageTest" name="LoginPageTitleTest" time="0.004"/>
  <testcase classname="com.lms.qa.tests.LoginPageTest" name="LoginEmailWithSpecialChar" time="0.567"/>
  <testcase classname="com.lms.qa.tests.LoginPageTest" name="LoginWithEmptyEmail" time="0.503"/>
  <testcase classname="com.lms.qa.tests.LoginPageTest" name="LoginWithEmptyPassword" time="0.573"/>
  <testcase classname="com.lms.qa.tests.LoginPageTest" name="clickOnScotiaLogo" time="0.279"/>
</testsuite> <!-- Surefire test -->
