<?xml version="1.0" encoding="UTF-8"?>
<testng-results ignored="0" total="9" passed="6" failed="1" skipped="2">
  <reporter-output>
  </reporter-output>
  <suite started-at="2022-08-28T13:37:08 EDT" name="Surefire suite" finished-at="2022-08-28T13:37:58 EDT" duration-ms="49895">
    <groups>
      <group name="smoke">
        <method signature="LoginPageTest.clickOnScotiaLogo()[pri:5, instance:com.lms.qa.tests.LoginPageTest@791d1f8b]" name="clickOnScotiaLogo" class="com.lms.qa.tests.LoginPageTest"/>
      </group> <!-- smoke -->
    </groups>
    <test started-at="2022-08-28T13:37:08 EDT" name="Surefire test" finished-at="2022-08-28T13:37:58 EDT" duration-ms="49895">
      <class name="com.lms.qa.tests.LoginPageTest">
        <test-method is-config="true" signature="setUp()[pri:0, instance:com.lms.qa.tests.LoginPageTest@791d1f8b]" started-at="2022-08-28T13:37:29 EDT" name="setUp" finished-at="2022-08-28T13:37:34 EDT" duration-ms="4942" status="PASS">
          <reporter-output>
          </reporter-output>
        </test-method> <!-- setUp -->
        <test-method signature="LoginPageTitleTest()[pri:1, instance:com.lms.qa.tests.LoginPageTest@791d1f8b]" started-at="2022-08-28T13:37:34 EDT" name="LoginPageTitleTest" finished-at="2022-08-28T13:37:34 EDT" duration-ms="4" status="PASS">
          <reporter-output>
          </reporter-output>
        </test-method> <!-- LoginPageTitleTest -->
        <test-method is-config="true" signature="tearDown()[pri:0, instance:com.lms.qa.tests.LoginPageTest@791d1f8b]" started-at="2022-08-28T13:37:34 EDT" name="tearDown" finished-at="2022-08-28T13:37:35 EDT" duration-ms="460" status="PASS">
          <reporter-output>
          </reporter-output>
        </test-method> <!-- tearDown -->
        <test-method is-config="true" signature="setUp()[pri:0, instance:com.lms.qa.tests.LoginPageTest@791d1f8b]" started-at="2022-08-28T13:37:35 EDT" name="setUp" finished-at="2022-08-28T13:37:40 EDT" duration-ms="4726" status="PASS">
          <reporter-output>
          </reporter-output>
        </test-method> <!-- setUp -->
        <test-method signature="LoginEmailWithSpecialChar()[pri:2, instance:com.lms.qa.tests.LoginPageTest@791d1f8b]" started-at="2022-08-28T13:37:40 EDT" name="LoginEmailWithSpecialChar" finished-at="2022-08-28T13:37:40 EDT" duration-ms="567" status="PASS">
          <reporter-output>
          </reporter-output>
        </test-method> <!-- LoginEmailWithSpecialChar -->
        <test-method is-config="true" signature="tearDown()[pri:0, instance:com.lms.qa.tests.LoginPageTest@791d1f8b]" started-at="2022-08-28T13:37:40 EDT" name="tearDown" finished-at="2022-08-28T13:37:41 EDT" duration-ms="508" status="PASS">
          <reporter-output>
          </reporter-output>
        </test-method> <!-- tearDown -->
        <test-method is-config="true" signature="setUp()[pri:0, instance:com.lms.qa.tests.LoginPageTest@791d1f8b]" started-at="2022-08-28T13:37:41 EDT" name="setUp" finished-at="2022-08-28T13:37:45 EDT" duration-ms="4806" status="PASS">
          <reporter-output>
          </reporter-output>
        </test-method> <!-- setUp -->
        <test-method signature="LoginWithEmptyEmail()[pri:3, instance:com.lms.qa.tests.LoginPageTest@791d1f8b]" started-at="2022-08-28T13:37:45 EDT" name="LoginWithEmptyEmail" finished-at="2022-08-28T13:37:46 EDT" duration-ms="503" status="PASS">
          <reporter-output>
          </reporter-output>
        </test-method> <!-- LoginWithEmptyEmail -->
        <test-method is-config="true" signature="tearDown()[pri:0, instance:com.lms.qa.tests.LoginPageTest@791d1f8b]" started-at="2022-08-28T13:37:46 EDT" name="tearDown" finished-at="2022-08-28T13:37:46 EDT" duration-ms="447" status="PASS">
          <reporter-output>
          </reporter-output>
        </test-method> <!-- tearDown -->
        <test-method is-config="true" signature="setUp()[pri:0, instance:com.lms.qa.tests.LoginPageTest@791d1f8b]" started-at="2022-08-28T13:37:46 EDT" name="setUp" finished-at="2022-08-28T13:37:51 EDT" duration-ms="4934" status="PASS">
          <reporter-output>
          </reporter-output>
        </test-method> <!-- setUp -->
        <test-method signature="LoginWithEmptyPassword()[pri:4, instance:com.lms.qa.tests.LoginPageTest@791d1f8b]" started-at="2022-08-28T13:37:51 EDT" name="LoginWithEmptyPassword" finished-at="2022-08-28T13:37:52 EDT" duration-ms="573" status="PASS">
          <reporter-output>
          </reporter-output>
        </test-method> <!-- LoginWithEmptyPassword -->
        <test-method is-config="true" signature="tearDown()[pri:0, instance:com.lms.qa.tests.LoginPageTest@791d1f8b]" started-at="2022-08-28T13:37:52 EDT" name="tearDown" finished-at="2022-08-28T13:37:52 EDT" duration-ms="452" status="PASS">
          <reporter-output>
          </reporter-output>
        </test-method> <!-- tearDown -->
        <test-method is-config="true" signature="setUp()[pri:0, instance:com.lms.qa.tests.LoginPageTest@791d1f8b]" started-at="2022-08-28T13:37:52 EDT" name="setUp" finished-at="2022-08-28T13:37:57 EDT" duration-ms="4803" status="PASS">
          <reporter-output>
          </reporter-output>
        </test-method> <!-- setUp -->
        <test-method signature="clickOnScotiaLogo()[pri:5, instance:com.lms.qa.tests.LoginPageTest@791d1f8b]" started-at="2022-08-28T13:37:57 EDT" name="clickOnScotiaLogo" finished-at="2022-08-28T13:37:57 EDT" duration-ms="279" status="PASS">
          <reporter-output>
          </reporter-output>
        </test-method> <!-- clickOnScotiaLogo -->
        <test-method is-config="true" signature="tearDown()[pri:0, instance:com.lms.qa.tests.LoginPageTest@791d1f8b]" started-at="2022-08-28T13:37:57 EDT" name="tearDown" finished-at="2022-08-28T13:37:58 EDT" duration-ms="472" status="PASS">
          <reporter-output>
          </reporter-output>
        </test-method> <!-- tearDown -->
      </class> <!-- com.lms.qa.tests.LoginPageTest -->
      <class name="com.lms.qa.tests.BusinessPageTest">
        <test-method is-config="true" signature="setUp()[pri:0, instance:com.lms.qa.tests.BusinessPageTest@5a4aa2f2]" started-at="2022-08-28T13:37:08 EDT" name="setUp" finished-at="2022-08-28T13:37:14 EDT" duration-ms="5806" status="FAIL">
          <exception class="java.nio.BufferOverflowException">
            <full-stacktrace>
              <![CDATA[java.nio.BufferOverflowException
at java.base/java.nio.Buffer.nextPutIndex(Buffer.java:722)
at java.base/java.nio.HeapByteBuffer.put(HeapByteBuffer.java:209)
at org.apache.maven.surefire.api.stream.AbstractStreamEncoder.encodeString(AbstractStreamEncoder.java:127)
at org.apache.maven.surefire.api.stream.AbstractStreamEncoder.encodeStringData(AbstractStreamEncoder.java:171)
at org.apache.maven.surefire.api.stream.AbstractStreamEncoder.encode(AbstractStreamEncoder.java:157)
at org.apache.maven.surefire.booter.spi.EventChannelEncoder.encodeMessage(EventChannelEncoder.java:398)
at org.apache.maven.surefire.booter.spi.EventChannelEncoder.setOutErr(EventChannelEncoder.java:188)
at org.apache.maven.surefire.booter.spi.EventChannelEncoder.testOutput(EventChannelEncoder.java:183)
at org.apache.maven.surefire.api.booter.ForkingRunListener.writeTestOutput(ForkingRunListener.java:113)
at org.apache.maven.surefire.api.booter.ForkingRunListener.writeTestOutput(ForkingRunListener.java:44)
at org.apache.maven.surefire.testng.TestNGReporter.writeTestOutput(TestNGReporter.java:240)
at org.apache.maven.surefire.api.report.ConsoleOutputCapture$ForwardingPrintStream.println(ConsoleOutputCapture.java:138)
at com.lms.qa.pages.LoginPage.homePage(LoginPage.java:91)
at com.lms.qa.tests.BusinessPageTest.setUp(BusinessPageTest.java:28)
at java.base/jdk.internal.reflect.DirectMethodHandleAccessor.invoke(DirectMethodHandleAccessor.java:104)
at java.base/java.lang.reflect.Method.invoke(Method.java:577)
at org.testng.internal.invokers.MethodInvocationHelper.invokeMethod(MethodInvocationHelper.java:139)
at org.testng.internal.invokers.MethodInvocationHelper.invokeMethodConsideringTimeout(MethodInvocationHelper.java:69)
at org.testng.internal.invokers.ConfigInvoker.invokeConfigurationMethod(ConfigInvoker.java:361)
at org.testng.internal.invokers.ConfigInvoker.invokeConfigurations(ConfigInvoker.java:296)
at org.testng.internal.invokers.TestInvoker.runConfigMethods(TestInvoker.java:816)
at org.testng.internal.invokers.TestInvoker.invokeMethod(TestInvoker.java:590)
at org.testng.internal.invokers.TestInvoker.invokeTestMethod(TestInvoker.java:221)
at org.testng.internal.invokers.MethodRunner.runInSequence(MethodRunner.java:50)
at org.testng.internal.invokers.TestInvoker$MethodInvocationAgent.invoke(TestInvoker.java:962)
at org.testng.internal.invokers.TestInvoker.invokeTestMethods(TestInvoker.java:194)
at org.testng.internal.invokers.TestMethodWorker.invokeTestMethods(TestMethodWorker.java:148)
at org.testng.internal.invokers.TestMethodWorker.run(TestMethodWorker.java:128)
at java.base/java.util.ArrayList.forEach(ArrayList.java:1511)
at org.testng.TestRunner.privateRun(TestRunner.java:806)
at org.testng.TestRunner.run(TestRunner.java:601)
at org.testng.SuiteRunner.runTest(SuiteRunner.java:433)
at org.testng.SuiteRunner.runSequentially(SuiteRunner.java:427)
at org.testng.SuiteRunner.privateRun(SuiteRunner.java:387)
at org.testng.SuiteRunner.run(SuiteRunner.java:330)
at org.testng.SuiteRunnerWorker.runSuite(SuiteRunnerWorker.java:52)
at org.testng.SuiteRunnerWorker.run(SuiteRunnerWorker.java:95)
at org.testng.TestNG.runSuitesSequentially(TestNG.java:1256)
at org.testng.TestNG.runSuitesLocally(TestNG.java:1176)
at org.testng.TestNG.runSuites(TestNG.java:1099)
at org.testng.TestNG.run(TestNG.java:1067)
at org.apache.maven.surefire.testng.TestNGExecutor.run(TestNGExecutor.java:151)
at org.apache.maven.surefire.testng.TestNGDirectoryTestSuite.executeMulti(TestNGDirectoryTestSuite.java:192)
at org.apache.maven.surefire.testng.TestNGDirectoryTestSuite.execute(TestNGDirectoryTestSuite.java:93)
at org.apache.maven.surefire.testng.TestNGProvider.invoke(TestNGProvider.java:155)
at org.apache.maven.surefire.booter.ForkedBooter.runSuitesInProcess(ForkedBooter.java:456)
at org.apache.maven.surefire.booter.ForkedBooter.execute(ForkedBooter.java:169)
at org.apache.maven.surefire.booter.ForkedBooter.run(ForkedBooter.java:595)
at org.apache.maven.surefire.booter.ForkedBooter.main(ForkedBooter.java:581)
]]>
            </full-stacktrace>
          </exception> <!-- java.nio.BufferOverflowException -->
          <reporter-output>
          </reporter-output>
        </test-method> <!-- setUp -->
        <test-method signature="verifyBusinessPageTitleTest()[pri:1, instance:com.lms.qa.tests.BusinessPageTest@5a4aa2f2]" started-at="2022-08-28T13:37:14 EDT" name="verifyBusinessPageTitleTest" finished-at="2022-08-28T13:37:14 EDT" duration-ms="0" status="SKIP">
          <exception class="java.nio.BufferOverflowException">
            <full-stacktrace>
              <![CDATA[java.nio.BufferOverflowException
at java.base/java.nio.Buffer.nextPutIndex(Buffer.java:722)
at java.base/java.nio.HeapByteBuffer.put(HeapByteBuffer.java:209)
at org.apache.maven.surefire.api.stream.AbstractStreamEncoder.encodeString(AbstractStreamEncoder.java:127)
at org.apache.maven.surefire.api.stream.AbstractStreamEncoder.encodeStringData(AbstractStreamEncoder.java:171)
at org.apache.maven.surefire.api.stream.AbstractStreamEncoder.encode(AbstractStreamEncoder.java:157)
at org.apache.maven.surefire.booter.spi.EventChannelEncoder.encodeMessage(EventChannelEncoder.java:398)
at org.apache.maven.surefire.booter.spi.EventChannelEncoder.setOutErr(EventChannelEncoder.java:188)
at org.apache.maven.surefire.booter.spi.EventChannelEncoder.testOutput(EventChannelEncoder.java:183)
at org.apache.maven.surefire.api.booter.ForkingRunListener.writeTestOutput(ForkingRunListener.java:113)
at org.apache.maven.surefire.api.booter.ForkingRunListener.writeTestOutput(ForkingRunListener.java:44)
at org.apache.maven.surefire.testng.TestNGReporter.writeTestOutput(TestNGReporter.java:240)
at org.apache.maven.surefire.api.report.ConsoleOutputCapture$ForwardingPrintStream.println(ConsoleOutputCapture.java:138)
at com.lms.qa.pages.LoginPage.homePage(LoginPage.java:91)
at com.lms.qa.tests.BusinessPageTest.setUp(BusinessPageTest.java:28)
at java.base/jdk.internal.reflect.DirectMethodHandleAccessor.invoke(DirectMethodHandleAccessor.java:104)
at java.base/java.lang.reflect.Method.invoke(Method.java:577)
at org.testng.internal.invokers.MethodInvocationHelper.invokeMethod(MethodInvocationHelper.java:139)
at org.testng.internal.invokers.MethodInvocationHelper.invokeMethodConsideringTimeout(MethodInvocationHelper.java:69)
at org.testng.internal.invokers.ConfigInvoker.invokeConfigurationMethod(ConfigInvoker.java:361)
at org.testng.internal.invokers.ConfigInvoker.invokeConfigurations(ConfigInvoker.java:296)
at org.testng.internal.invokers.TestInvoker.runConfigMethods(TestInvoker.java:816)
at org.testng.internal.invokers.TestInvoker.invokeMethod(TestInvoker.java:590)
at org.testng.internal.invokers.TestInvoker.invokeTestMethod(TestInvoker.java:221)
at org.testng.internal.invokers.MethodRunner.runInSequence(MethodRunner.java:50)
at org.testng.internal.invokers.TestInvoker$MethodInvocationAgent.invoke(TestInvoker.java:962)
at org.testng.internal.invokers.TestInvoker.invokeTestMethods(TestInvoker.java:194)
at org.testng.internal.invokers.TestMethodWorker.invokeTestMethods(TestMethodWorker.java:148)
at org.testng.internal.invokers.TestMethodWorker.run(TestMethodWorker.java:128)
at java.base/java.util.ArrayList.forEach(ArrayList.java:1511)
at org.testng.TestRunner.privateRun(TestRunner.java:806)
at org.testng.TestRunner.run(TestRunner.java:601)
at org.testng.SuiteRunner.runTest(SuiteRunner.java:433)
at org.testng.SuiteRunner.runSequentially(SuiteRunner.java:427)
at org.testng.SuiteRunner.privateRun(SuiteRunner.java:387)
at org.testng.SuiteRunner.run(SuiteRunner.java:330)
at org.testng.SuiteRunnerWorker.runSuite(SuiteRunnerWorker.java:52)
at org.testng.SuiteRunnerWorker.run(SuiteRunnerWorker.java:95)
at org.testng.TestNG.runSuitesSequentially(TestNG.java:1256)
at org.testng.TestNG.runSuitesLocally(TestNG.java:1176)
at org.testng.TestNG.runSuites(TestNG.java:1099)
at org.testng.TestNG.run(TestNG.java:1067)
at org.apache.maven.surefire.testng.TestNGExecutor.run(TestNGExecutor.java:151)
at org.apache.maven.surefire.testng.TestNGDirectoryTestSuite.executeMulti(TestNGDirectoryTestSuite.java:192)
at org.apache.maven.surefire.testng.TestNGDirectoryTestSuite.execute(TestNGDirectoryTestSuite.java:93)
at org.apache.maven.surefire.testng.TestNGProvider.invoke(TestNGProvider.java:155)
at org.apache.maven.surefire.booter.ForkedBooter.runSuitesInProcess(ForkedBooter.java:456)
at org.apache.maven.surefire.booter.ForkedBooter.execute(ForkedBooter.java:169)
at org.apache.maven.surefire.booter.ForkedBooter.run(ForkedBooter.java:595)
at org.apache.maven.surefire.booter.ForkedBooter.main(ForkedBooter.java:581)
]]>
            </full-stacktrace>
          </exception> <!-- java.nio.BufferOverflowException -->
          <reporter-output>
          </reporter-output>
        </test-method> <!-- verifyBusinessPageTitleTest -->
        <test-method is-config="true" signature="tearDown()[pri:0, instance:com.lms.qa.tests.BusinessPageTest@5a4aa2f2]" started-at="2022-08-28T13:37:14 EDT" name="tearDown" finished-at="2022-08-28T13:37:14 EDT" duration-ms="0" status="SKIP">
          <reporter-output>
          </reporter-output>
        </test-method> <!-- tearDown -->
        <test-method signature="validateSizeOfList()[pri:2, instance:com.lms.qa.tests.BusinessPageTest@5a4aa2f2]" started-at="2022-08-28T13:37:14 EDT" name="validateSizeOfList" finished-at="2022-08-28T13:37:14 EDT" duration-ms="0" status="SKIP">
          <exception class="java.nio.BufferOverflowException">
            <full-stacktrace>
              <![CDATA[java.nio.BufferOverflowException
at java.base/java.nio.Buffer.nextPutIndex(Buffer.java:722)
at java.base/java.nio.HeapByteBuffer.put(HeapByteBuffer.java:209)
at org.apache.maven.surefire.api.stream.AbstractStreamEncoder.encodeString(AbstractStreamEncoder.java:127)
at org.apache.maven.surefire.api.stream.AbstractStreamEncoder.encodeStringData(AbstractStreamEncoder.java:171)
at org.apache.maven.surefire.api.stream.AbstractStreamEncoder.encode(AbstractStreamEncoder.java:157)
at org.apache.maven.surefire.booter.spi.EventChannelEncoder.encodeMessage(EventChannelEncoder.java:398)
at org.apache.maven.surefire.booter.spi.EventChannelEncoder.setOutErr(EventChannelEncoder.java:188)
at org.apache.maven.surefire.booter.spi.EventChannelEncoder.testOutput(EventChannelEncoder.java:183)
at org.apache.maven.surefire.api.booter.ForkingRunListener.writeTestOutput(ForkingRunListener.java:113)
at org.apache.maven.surefire.api.booter.ForkingRunListener.writeTestOutput(ForkingRunListener.java:44)
at org.apache.maven.surefire.testng.TestNGReporter.writeTestOutput(TestNGReporter.java:240)
at org.apache.maven.surefire.api.report.ConsoleOutputCapture$ForwardingPrintStream.println(ConsoleOutputCapture.java:138)
at com.lms.qa.pages.LoginPage.homePage(LoginPage.java:91)
at com.lms.qa.tests.BusinessPageTest.setUp(BusinessPageTest.java:28)
at java.base/jdk.internal.reflect.DirectMethodHandleAccessor.invoke(DirectMethodHandleAccessor.java:104)
at java.base/java.lang.reflect.Method.invoke(Method.java:577)
at org.testng.internal.invokers.MethodInvocationHelper.invokeMethod(MethodInvocationHelper.java:139)
at org.testng.internal.invokers.MethodInvocationHelper.invokeMethodConsideringTimeout(MethodInvocationHelper.java:69)
at org.testng.internal.invokers.ConfigInvoker.invokeConfigurationMethod(ConfigInvoker.java:361)
at org.testng.internal.invokers.ConfigInvoker.invokeConfigurations(ConfigInvoker.java:296)
at org.testng.internal.invokers.TestInvoker.runConfigMethods(TestInvoker.java:816)
at org.testng.internal.invokers.TestInvoker.invokeMethod(TestInvoker.java:590)
at org.testng.internal.invokers.TestInvoker.invokeTestMethod(TestInvoker.java:221)
at org.testng.internal.invokers.MethodRunner.runInSequence(MethodRunner.java:50)
at org.testng.internal.invokers.TestInvoker$MethodInvocationAgent.invoke(TestInvoker.java:962)
at org.testng.internal.invokers.TestInvoker.invokeTestMethods(TestInvoker.java:194)
at org.testng.internal.invokers.TestMethodWorker.invokeTestMethods(TestMethodWorker.java:148)
at org.testng.internal.invokers.TestMethodWorker.run(TestMethodWorker.java:128)
at java.base/java.util.ArrayList.forEach(ArrayList.java:1511)
at org.testng.TestRunner.privateRun(TestRunner.java:806)
at org.testng.TestRunner.run(TestRunner.java:601)
at org.testng.SuiteRunner.runTest(SuiteRunner.java:433)
at org.testng.SuiteRunner.runSequentially(SuiteRunner.java:427)
at org.testng.SuiteRunner.privateRun(SuiteRunner.java:387)
at org.testng.SuiteRunner.run(SuiteRunner.java:330)
at org.testng.SuiteRunnerWorker.runSuite(SuiteRunnerWorker.java:52)
at org.testng.SuiteRunnerWorker.run(SuiteRunnerWorker.java:95)
at org.testng.TestNG.runSuitesSequentially(TestNG.java:1256)
at org.testng.TestNG.runSuitesLocally(TestNG.java:1176)
at org.testng.TestNG.runSuites(TestNG.java:1099)
at org.testng.TestNG.run(TestNG.java:1067)
at org.apache.maven.surefire.testng.TestNGExecutor.run(TestNGExecutor.java:151)
at org.apache.maven.surefire.testng.TestNGDirectoryTestSuite.executeMulti(TestNGDirectoryTestSuite.java:192)
at org.apache.maven.surefire.testng.TestNGDirectoryTestSuite.execute(TestNGDirectoryTestSuite.java:93)
at org.apache.maven.surefire.testng.TestNGProvider.invoke(TestNGProvider.java:155)
at org.apache.maven.surefire.booter.ForkedBooter.runSuitesInProcess(ForkedBooter.java:456)
at org.apache.maven.surefire.booter.ForkedBooter.execute(ForkedBooter.java:169)
at org.apache.maven.surefire.booter.ForkedBooter.run(ForkedBooter.java:595)
at org.apache.maven.surefire.booter.ForkedBooter.main(ForkedBooter.java:581)
]]>
            </full-stacktrace>
          </exception> <!-- java.nio.BufferOverflowException -->
          <reporter-output>
          </reporter-output>
        </test-method> <!-- validateSizeOfList -->
        <test-method is-config="true" signature="setUp()[pri:0, instance:com.lms.qa.tests.BusinessPageTest@5a4aa2f2]" started-at="2022-08-28T13:37:14 EDT" name="setUp" finished-at="2022-08-28T13:37:14 EDT" duration-ms="0" status="SKIP">
          <reporter-output>
          </reporter-output>
        </test-method> <!-- setUp -->
        <test-method is-config="true" signature="tearDown()[pri:0, instance:com.lms.qa.tests.BusinessPageTest@5a4aa2f2]" started-at="2022-08-28T13:37:14 EDT" name="tearDown" finished-at="2022-08-28T13:37:14 EDT" duration-ms="0" status="SKIP">
          <reporter-output>
          </reporter-output>
        </test-method> <!-- tearDown -->
      </class> <!-- com.lms.qa.tests.BusinessPageTest -->
      <class name="com.lms.qa.tests.HomePageTest">
        <test-method is-config="true" signature="setUp()[pri:0, instance:com.lms.qa.tests.HomePageTest@667a738]" started-at="2022-08-28T13:37:14 EDT" name="setUp" finished-at="2022-08-28T13:37:19 EDT" duration-ms="5411" status="PASS">
          <reporter-output>
          </reporter-output>
        </test-method> <!-- setUp -->
        <test-method signature="verifyHomePageTitleTest()[pri:1, instance:com.lms.qa.tests.HomePageTest@667a738]" started-at="2022-08-28T13:37:19 EDT" name="verifyHomePageTitleTest" finished-at="2022-08-28T13:37:19 EDT" duration-ms="6" status="FAIL">
          <exception class="java.lang.AssertionError">
            <message>
              <![CDATA[HomePage Title Doesn't match. expected [Personal Banking | Scotiabank Canada] but found []]]>
            </message>
            <full-stacktrace>
              <![CDATA[java.lang.AssertionError: HomePage Title Doesn't match. expected [Personal Banking | Scotiabank Canada] but found []
at org.testng.Assert.fail(Assert.java:110)
at org.testng.Assert.failNotEquals(Assert.java:1413)
at org.testng.Assert.assertEqualsImpl(Assert.java:149)
at org.testng.Assert.assertEquals(Assert.java:131)
at org.testng.Assert.assertEquals(Assert.java:655)
at com.lms.qa.tests.HomePageTest.verifyHomePageTitleTest(HomePageTest.java:34)
at java.base/jdk.internal.reflect.DirectMethodHandleAccessor.invoke(DirectMethodHandleAccessor.java:104)
at java.base/java.lang.reflect.Method.invoke(Method.java:577)
at org.testng.internal.invokers.MethodInvocationHelper.invokeMethod(MethodInvocationHelper.java:139)
at org.testng.internal.invokers.TestInvoker.invokeMethod(TestInvoker.java:677)
at org.testng.internal.invokers.TestInvoker.invokeTestMethod(TestInvoker.java:221)
at org.testng.internal.invokers.MethodRunner.runInSequence(MethodRunner.java:50)
at org.testng.internal.invokers.TestInvoker$MethodInvocationAgent.invoke(TestInvoker.java:962)
at org.testng.internal.invokers.TestInvoker.invokeTestMethods(TestInvoker.java:194)
at org.testng.internal.invokers.TestMethodWorker.invokeTestMethods(TestMethodWorker.java:148)
at org.testng.internal.invokers.TestMethodWorker.run(TestMethodWorker.java:128)
at java.base/java.util.ArrayList.forEach(ArrayList.java:1511)
at org.testng.TestRunner.privateRun(TestRunner.java:806)
at org.testng.TestRunner.run(TestRunner.java:601)
at org.testng.SuiteRunner.runTest(SuiteRunner.java:433)
at org.testng.SuiteRunner.runSequentially(SuiteRunner.java:427)
at org.testng.SuiteRunner.privateRun(SuiteRunner.java:387)
at org.testng.SuiteRunner.run(SuiteRunner.java:330)
at org.testng.SuiteRunnerWorker.runSuite(SuiteRunnerWorker.java:52)
at org.testng.SuiteRunnerWorker.run(SuiteRunnerWorker.java:95)
at org.testng.TestNG.runSuitesSequentially(TestNG.java:1256)
at org.testng.TestNG.runSuitesLocally(TestNG.java:1176)
at org.testng.TestNG.runSuites(TestNG.java:1099)
at org.testng.TestNG.run(TestNG.java:1067)
at org.apache.maven.surefire.testng.TestNGExecutor.run(TestNGExecutor.java:151)
at org.apache.maven.surefire.testng.TestNGDirectoryTestSuite.executeMulti(TestNGDirectoryTestSuite.java:192)
at org.apache.maven.surefire.testng.TestNGDirectoryTestSuite.execute(TestNGDirectoryTestSuite.java:93)
at org.apache.maven.surefire.testng.TestNGProvider.invoke(TestNGProvider.java:155)
at org.apache.maven.surefire.booter.ForkedBooter.runSuitesInProcess(ForkedBooter.java:456)
at org.apache.maven.surefire.booter.ForkedBooter.execute(ForkedBooter.java:169)
at org.apache.maven.surefire.booter.ForkedBooter.run(ForkedBooter.java:595)
at org.apache.maven.surefire.booter.ForkedBooter.main(ForkedBooter.java:581)
]]>
            </full-stacktrace>
          </exception> <!-- java.lang.AssertionError -->
          <reporter-output>
          </reporter-output>
        </test-method> <!-- verifyHomePageTitleTest -->
        <test-method is-config="true" signature="tearDown()[pri:0, instance:com.lms.qa.tests.HomePageTest@667a738]" started-at="2022-08-28T13:37:19 EDT" name="tearDown" finished-at="2022-08-28T13:37:20 EDT" duration-ms="446" status="PASS">
          <reporter-output>
          </reporter-output>
        </test-method> <!-- tearDown -->
        <test-method is-config="true" signature="setUp()[pri:0, instance:com.lms.qa.tests.HomePageTest@667a738]" started-at="2022-08-28T13:37:20 EDT" name="setUp" finished-at="2022-08-28T13:37:25 EDT" duration-ms="5142" status="PASS">
          <reporter-output>
          </reporter-output>
        </test-method> <!-- setUp -->
        <test-method signature="clickOnSmallBusinessLink()[pri:2, instance:com.lms.qa.tests.HomePageTest@667a738]" started-at="2022-08-28T13:37:25 EDT" name="clickOnSmallBusinessLink" finished-at="2022-08-28T13:37:29 EDT" duration-ms="4100" status="PASS">
          <reporter-output>
          </reporter-output>
        </test-method> <!-- clickOnSmallBusinessLink -->
        <test-method is-config="true" signature="tearDown()[pri:0, instance:com.lms.qa.tests.HomePageTest@667a738]" started-at="2022-08-28T13:37:29 EDT" name="tearDown" finished-at="2022-08-28T13:37:29 EDT" duration-ms="476" status="PASS">
          <reporter-output>
          </reporter-output>
        </test-method> <!-- tearDown -->
      </class> <!-- com.lms.qa.tests.HomePageTest -->
    </test> <!-- Surefire test -->
  </suite> <!-- Surefire suite -->
</testng-results>
