<?xml version="1.0" encoding="UTF-8"?>
<!-- Generated by org.testng.reporters.JUnitReportReporter -->
<testsuite hostname="Jaivs-MacBook-Pro.local" failures="1" tests="4" name="com.lms.qa.tests.BusinessPageTest" time="38.815" errors="0" timestamp="2022-08-28T15:09:34 EDT" skipped="3">
  <testcase classname="com.lms.qa.tests.BusinessPageTest" name="verifyBusinessPageTitleTest" time="10.084">
    <skipped/>
  </testcase> <!-- verifyBusinessPageTitleTest -->
  <system-out/>
  <testcase classname="com.lms.qa.tests.BusinessPageTest" name="verifyBusinessPageTitleTest" time="9.032">
    <skipped/>
  </testcase> <!-- verifyBusinessPageTitleTest -->
  <system-out/>
  <testcase classname="com.lms.qa.tests.BusinessPageTest" name="verifyBusinessPageTitleTest" time="10.481">
    <failure message="Business Title Doesn&#039;t match. expected [Small Business Banking Services | Scotiabank Canada ] but found [Small Business Banking Services | Scotiabank Canada]" type="java.lang.AssertionError">
      <![CDATA[java.lang.AssertionError: Business Title Doesn't match. expected [Small Business Banking Services | Scotiabank Canada ] but found [Small Business Banking Services | Scotiabank Canada]
at org.testng.Assert.fail(Assert.java:99)
at org.testng.Assert.failNotEquals(Assert.java:1037)
at org.testng.Assert.assertEqualsImpl(Assert.java:140)
at org.testng.Assert.assertEquals(Assert.java:122)
at org.testng.Assert.assertEquals(Assert.java:629)
at com.lms.qa.tests.BusinessPageTest.verifyBusinessPageTitleTest(BusinessPageTest.java:36)
at java.base/jdk.internal.reflect.NativeMethodAccessorImpl.invoke0(Native Method)
at java.base/jdk.internal.reflect.NativeMethodAccessorImpl.invoke(NativeMethodAccessorImpl.java:64)
at java.base/jdk.internal.reflect.DelegatingMethodAccessorImpl.invoke(DelegatingMethodAccessorImpl.java:43)
at java.base/java.lang.reflect.Method.invoke(Method.java:564)
at org.testng.internal.MethodInvocationHelper.invokeMethod(MethodInvocationHelper.java:133)
at org.testng.internal.TestInvoker.invokeMethod(TestInvoker.java:598)
at org.testng.internal.TestInvoker.retryFailed(TestInvoker.java:213)
at org.testng.internal.MethodRunner.runInSequence(MethodRunner.java:58)
at org.testng.internal.TestInvoker$MethodInvocationAgent.invoke(TestInvoker.java:824)
at org.testng.internal.TestInvoker.invokeTestMethods(TestInvoker.java:146)
at org.testng.internal.TestMethodWorker.invokeTestMethods(TestMethodWorker.java:146)
at org.testng.internal.TestMethodWorker.run(TestMethodWorker.java:128)
at java.base/java.util.ArrayList.forEach(ArrayList.java:1511)
at org.testng.TestRunner.privateRun(TestRunner.java:794)
at org.testng.TestRunner.run(TestRunner.java:596)
at org.testng.SuiteRunner.runTest(SuiteRunner.java:377)
at org.testng.SuiteRunner.runSequentially(SuiteRunner.java:371)
at org.testng.SuiteRunner.privateRun(SuiteRunner.java:332)
at org.testng.SuiteRunner.run(SuiteRunner.java:276)
at org.testng.SuiteRunnerWorker.runSuite(SuiteRunnerWorker.java:53)
at org.testng.SuiteRunnerWorker.run(SuiteRunnerWorker.java:96)
at org.testng.TestNG.runSuitesSequentially(TestNG.java:1212)
at org.testng.TestNG.runSuitesLocally(TestNG.java:1134)
at org.testng.TestNG.runSuites(TestNG.java:1063)
at org.testng.TestNG.run(TestNG.java:1031)
at org.testng.remote.AbstractRemoteTestNG.run(AbstractRemoteTestNG.java:115)
at org.testng.remote.RemoteTestNG.initAndRun(RemoteTestNG.java:251)
at org.testng.remote.RemoteTestNG.main(RemoteTestNG.java:77)
]]>
    </failure>
  </testcase> <!-- verifyBusinessPageTitleTest -->
  <system-out/>
  <testcase classname="com.lms.qa.tests.BusinessPageTest" name="verifyBusinessPageTitleTest" time="9.218">
    <skipped/>
  </testcase> <!-- verifyBusinessPageTitleTest -->
  <system-out/>
</testsuite> <!-- com.lms.qa.tests.BusinessPageTest -->
